<?xml version="1.0" encoding="UTF-8"?>
<!-- Generated by org.testng.reporters.JUnitXMLReporter -->
<testsuite hostname="SLB-JJ541X2" ignored="0" name="RestAssuredAutomation" tests="42" failures="8" timestamp="2021-02-10T09:59:59 IST" time="29.258" errors="0">
  <testcase name="checkContentEncoding" time="0.02" classname="com.RestAssured_AutomationFramework_testcases.TC_01_GETRequest_AllEmployees">
    <failure type="java.lang.AssertionError" message="expected [gzip] but found [null]">
      <![CDATA[java.lang.AssertionError: expected [gzip] but found [null]
at com.RestAssured_AutomationFramework_testcases.TC_01_GETRequest_AllEmployees.checkContentEncoding(TC_01_GETRequest_AllEmployees.java:90)
at java.util.ArrayList.forEach(ArrayList.java:1259)
... Removed 33 stack frames]]>
    </failure>
  </testcase> <!-- checkContentEncoding -->
  <testcase name="checkContentLength" time="0.009" classname="com.RestAssured_AutomationFramework_testcases.TC_01_GETRequest_AllEmployees"/>
  <testcase name="checkContentType" time="0.001" classname="com.RestAssured_AutomationFramework_testcases.TC_01_GETRequest_AllEmployees">
    <failure type="java.lang.AssertionError" message="expected [application/json;charset=utf-8] but found [application/json]">
      <![CDATA[java.lang.AssertionError: expected [application/json;charset=utf-8] but found [application/json]
at com.RestAssured_AutomationFramework_testcases.TC_01_GETRequest_AllEmployees.checkContentType(TC_01_GETRequest_AllEmployees.java:72)
at java.util.ArrayList.forEach(ArrayList.java:1259)
... Removed 32 stack frames]]>
    </failure>
  </testcase> <!-- checkContentType -->
  <testcase name="checkResponseBody" time="0.028" classname="com.RestAssured_AutomationFramework_testcases.TC_01_GETRequest_AllEmployees"/>
  <testcase name="checkResponseTime" time="0.0" classname="com.RestAssured_AutomationFramework_testcases.TC_01_GETRequest_AllEmployees"/>
  <testcase name="checkServerType" time="0.003" classname="com.RestAssured_AutomationFramework_testcases.TC_01_GETRequest_AllEmployees"/>
  <testcase name="checkStatusCode" time="0.001" classname="com.RestAssured_AutomationFramework_testcases.TC_01_GETRequest_AllEmployees">
    <failure type="java.lang.AssertionError" message="expected [200] but found [404]">
      <![CDATA[java.lang.AssertionError: expected [200] but found [404]
at com.RestAssured_AutomationFramework_testcases.TC_01_GETRequest_AllEmployees.checkStatusCode(TC_01_GETRequest_AllEmployees.java:41)
at java.util.ArrayList.forEach(ArrayList.java:1259)
... Removed 32 stack frames]]>
    </failure>
  </testcase> <!-- checkStatusCode -->
  <testcase name="checkStatusLine" time="0.002" classname="com.RestAssured_AutomationFramework_testcases.TC_01_GETRequest_AllEmployees">
    <failure type="java.lang.AssertionError" message="expected [HTTP/1.1 200 OK] but found [HTTP/1.1 404 Not Found]">
      <![CDATA[java.lang.AssertionError: expected [HTTP/1.1 200 OK] but found [HTTP/1.1 404 Not Found]
at com.RestAssured_AutomationFramework_testcases.TC_01_GETRequest_AllEmployees.checkStatusLine(TC_01_GETRequest_AllEmployees.java:63)
at java.util.ArrayList.forEach(ArrayList.java:1259)
... Removed 32 stack frames]]>
    </failure>
  </testcase> <!-- checkStatusLine -->
  <testcase name="checkcookies" time="0.002" classname="com.RestAssured_AutomationFramework_testcases.TC_01_GETRequest_AllEmployees"/>
  <testcase name="checkContentEncoding" time="0.002" classname="com.RestAssured_AutomationFramework_testcases.TC_02_GETRequest_SingleEmployee">
    <failure type="java.lang.AssertionError" message="expected [gzip] but found [null]">
      <![CDATA[java.lang.AssertionError: expected [gzip] but found [null]
at com.RestAssured_AutomationFramework_testcases.TC_02_GETRequest_SingleEmployee.checkContentEncoding(TC_02_GETRequest_SingleEmployee.java:90)
at java.util.ArrayList.forEach(ArrayList.java:1259)
... Removed 33 stack frames]]>
    </failure>
  </testcase> <!-- checkContentEncoding -->
  <testcase name="checkContentLength" time="0.001" classname="com.RestAssured_AutomationFramework_testcases.TC_02_GETRequest_SingleEmployee"/>
  <testcase name="checkContentType" time="0.001" classname="com.RestAssured_AutomationFramework_testcases.TC_02_GETRequest_SingleEmployee"/>
  <testcase name="checkResponseBody" time="0.002" classname="com.RestAssured_AutomationFramework_testcases.TC_02_GETRequest_SingleEmployee"/>
  <testcase name="checkResponseTime" time="0.002" classname="com.RestAssured_AutomationFramework_testcases.TC_02_GETRequest_SingleEmployee"/>
  <testcase name="checkServerType" time="0.002" classname="com.RestAssured_AutomationFramework_testcases.TC_02_GETRequest_SingleEmployee"/>
  <testcase name="checkStatusCode" time="0.001" classname="com.RestAssured_AutomationFramework_testcases.TC_02_GETRequest_SingleEmployee"/>
  <testcase name="checkStatusLine" time="0.001" classname="com.RestAssured_AutomationFramework_testcases.TC_02_GETRequest_SingleEmployee"/>
  <testcase name="checkcookies" time="0.001" classname="com.RestAssured_AutomationFramework_testcases.TC_02_GETRequest_SingleEmployee"/>
  <testcase name="checkContentEncodingType" time="0.003" classname="com.RestAssured_AutomationFramework_testcases.TC_03_POSTRequest_EmployeeRecords">
    <failure type="java.lang.AssertionError" message="expected [gzip] but found [null]">
      <![CDATA[java.lang.AssertionError: expected [gzip] but found [null]
at com.RestAssured_AutomationFramework_testcases.TC_03_POSTRequest_EmployeeRecords.checkContentEncodingType(TC_03_POSTRequest_EmployeeRecords.java:102)
at java.util.ArrayList.forEach(ArrayList.java:1259)
... Removed 33 stack frames]]>
    </failure>
  </testcase> <!-- checkContentEncodingType -->
  <testcase name="checkContentLength" time="0.002" classname="com.RestAssured_AutomationFramework_testcases.TC_03_POSTRequest_EmployeeRecords"/>
  <testcase name="checkContentType" time="0.002" classname="com.RestAssured_AutomationFramework_testcases.TC_03_POSTRequest_EmployeeRecords"/>
  <testcase name="checkResponseBody" time="0.003" classname="com.RestAssured_AutomationFramework_testcases.TC_03_POSTRequest_EmployeeRecords"/>
  <testcase name="checkServerType" time="0.002" classname="com.RestAssured_AutomationFramework_testcases.TC_03_POSTRequest_EmployeeRecords"/>
  <testcase name="checkStatusCode" time="0.003" classname="com.RestAssured_AutomationFramework_testcases.TC_03_POSTRequest_EmployeeRecords"/>
  <testcase name="checkStatusLine" time="0.002" classname="com.RestAssured_AutomationFramework_testcases.TC_03_POSTRequest_EmployeeRecords"/>
  <testcase name="tearDown" time="0.001" classname="com.RestAssured_AutomationFramework_testcases.TC_03_POSTRequest_EmployeeRecords"/>
  <testcase name="checkContentEncodingType" time="0.002" classname="com.RestAssured_AutomationFramework_testcases.TC_04_DELETERequest_EmployeeRecords">
    <failure type="java.lang.AssertionError" message="expected [gzip] but found [null]">
      <![CDATA[java.lang.AssertionError: expected [gzip] but found [null]
at com.RestAssured_AutomationFramework_testcases.TC_04_DELETERequest_EmployeeRecords.checkContentEncodingType(TC_04_DELETERequest_EmployeeRecords.java:95)
at java.util.ArrayList.forEach(ArrayList.java:1259)
... Removed 33 stack frames]]>
    </failure>
  </testcase> <!-- checkContentEncodingType -->
  <testcase name="checkContentLength" time="0.001" classname="com.RestAssured_AutomationFramework_testcases.TC_04_DELETERequest_EmployeeRecords"/>
  <testcase name="checkContentType" time="0.002" classname="com.RestAssured_AutomationFramework_testcases.TC_04_DELETERequest_EmployeeRecords"/>
  <testcase name="checkResponseBody" time="0.003" classname="com.RestAssured_AutomationFramework_testcases.TC_04_DELETERequest_EmployeeRecords"/>
  <testcase name="checkServerType" time="0.001" classname="com.RestAssured_AutomationFramework_testcases.TC_04_DELETERequest_EmployeeRecords"/>
  <testcase name="checkStatusCode" time="0.001" classname="com.RestAssured_AutomationFramework_testcases.TC_04_DELETERequest_EmployeeRecords"/>
  <testcase name="checkStatusLine" time="0.001" classname="com.RestAssured_AutomationFramework_testcases.TC_04_DELETERequest_EmployeeRecords"/>
  <testcase name="tearDown" time="0.0" classname="com.RestAssured_AutomationFramework_testcases.TC_04_DELETERequest_EmployeeRecords"/>
  <testcase name="checkContentEncodingType" time="0.002" classname="com.RestAssured_AutomationFramework_testcases.TC_05_PUTRequest_EmployeeRecords">
    <failure type="java.lang.AssertionError" message="expected [gzip] but found [null]">
      <![CDATA[java.lang.AssertionError: expected [gzip] but found [null]
at com.RestAssured_AutomationFramework_testcases.TC_05_PUTRequest_EmployeeRecords.checkContentEncodingType(TC_05_PUTRequest_EmployeeRecords.java:102)
at java.util.ArrayList.forEach(ArrayList.java:1259)
... Removed 33 stack frames]]>
    </failure>
  </testcase> <!-- checkContentEncodingType -->
  <testcase name="checkContentLength" time="0.002" classname="com.RestAssured_AutomationFramework_testcases.TC_05_PUTRequest_EmployeeRecords"/>
  <testcase name="checkContentType" time="0.001" classname="com.RestAssured_AutomationFramework_testcases.TC_05_PUTRequest_EmployeeRecords"/>
  <testcase name="checkResponseBody" time="0.002" classname="com.RestAssured_AutomationFramework_testcases.TC_05_PUTRequest_EmployeeRecords"/>
  <testcase name="checkServerType" time="0.0" classname="com.RestAssured_AutomationFramework_testcases.TC_05_PUTRequest_EmployeeRecords"/>
  <testcase name="checkStatusCode" time="0.0" classname="com.RestAssured_AutomationFramework_testcases.TC_05_PUTRequest_EmployeeRecords"/>
  <testcase name="checkStatusLine" time="0.001" classname="com.RestAssured_AutomationFramework_testcases.TC_05_PUTRequest_EmployeeRecords"/>
  <testcase name="tearDown" time="0.001" classname="com.RestAssured_AutomationFramework_testcases.TC_05_PUTRequest_EmployeeRecords"/>
</testsuite> <!-- RestAssuredAutomation -->
