<?xml version="1.0" encoding="UTF-8"?>
<!-- Generated by org.testng.reporters.JUnitXMLReporter -->
<testsuite hostname="SLB-JJ541X2" ignored="0" name="Default test" tests="8" failures="1" timestamp="2021-02-10T09:58:49 IST" time="8.455" errors="0">
  <testcase name="checkContentEncodingType" time="0.007" classname="com.RestAssured_AutomationFramework_testcases.TC_04_DELETERequest_EmployeeRecords">
    <failure type="java.lang.AssertionError" message="expected [gzip] but found [null]">
      <![CDATA[java.lang.AssertionError: expected [gzip] but found [null]
at org.testng.Assert.fail(Assert.java:97)
at org.testng.Assert.failNotEquals(Assert.java:969)
at org.testng.Assert.assertEqualsImpl(Assert.java:131)
at org.testng.Assert.assertEquals(Assert.java:118)
at org.testng.Assert.assertEquals(Assert.java:575)
at org.testng.Assert.assertEquals(Assert.java:585)
at com.RestAssured_AutomationFramework_testcases.TC_04_DELETERequest_EmployeeRecords.checkContentEncodingType(TC_04_DELETERequest_EmployeeRecords.java:95)
at sun.reflect.NativeMethodAccessorImpl.invoke0(Native Method)
at sun.reflect.NativeMethodAccessorImpl.invoke(NativeMethodAccessorImpl.java:62)
at sun.reflect.DelegatingMethodAccessorImpl.invoke(DelegatingMethodAccessorImpl.java:43)
at java.lang.reflect.Method.invoke(Method.java:498)
at org.testng.internal.MethodInvocationHelper.invokeMethod(MethodInvocationHelper.java:134)
at org.testng.internal.TestInvoker.invokeMethod(TestInvoker.java:597)
at org.testng.internal.TestInvoker.invokeTestMethod(TestInvoker.java:173)
at org.testng.internal.MethodRunner.runInSequence(MethodRunner.java:46)
at org.testng.internal.TestInvoker$MethodInvocationAgent.invoke(TestInvoker.java:816)
at org.testng.internal.TestInvoker.invokeTestMethods(TestInvoker.java:146)
at org.testng.internal.TestMethodWorker.invokeTestMethods(TestMethodWorker.java:146)
at org.testng.internal.TestMethodWorker.run(TestMethodWorker.java:128)
at java.util.ArrayList.forEach(ArrayList.java:1259)
at org.testng.TestRunner.privateRun(TestRunner.java:766)
at org.testng.TestRunner.run(TestRunner.java:587)
at org.testng.SuiteRunner.runTest(SuiteRunner.java:384)
at org.testng.SuiteRunner.runSequentially(SuiteRunner.java:378)
at org.testng.SuiteRunner.privateRun(SuiteRunner.java:337)
at org.testng.SuiteRunner.run(SuiteRunner.java:286)
at org.testng.SuiteRunnerWorker.runSuite(SuiteRunnerWorker.java:53)
at org.testng.SuiteRunnerWorker.run(SuiteRunnerWorker.java:96)
at org.testng.TestNG.runSuitesSequentially(TestNG.java:1187)
at org.testng.TestNG.runSuitesLocally(TestNG.java:1109)
at org.testng.TestNG.runSuites(TestNG.java:1039)
at org.testng.TestNG.run(TestNG.java:1007)
at org.testng.remote.AbstractRemoteTestNG.run(AbstractRemoteTestNG.java:115)
at org.testng.remote.RemoteTestNG.initAndRun(RemoteTestNG.java:251)
at org.testng.remote.RemoteTestNG.main(RemoteTestNG.java:77)
]]>
    </failure>
  </testcase> <!-- checkContentEncodingType -->
  <testcase name="checkContentLength" time="0.001" classname="com.RestAssured_AutomationFramework_testcases.TC_04_DELETERequest_EmployeeRecords"/>
  <testcase name="checkContentType" time="0.0" classname="com.RestAssured_AutomationFramework_testcases.TC_04_DELETERequest_EmployeeRecords"/>
  <testcase name="checkResponseBody" time="0.001" classname="com.RestAssured_AutomationFramework_testcases.TC_04_DELETERequest_EmployeeRecords"/>
  <testcase name="checkServerType" time="0.001" classname="com.RestAssured_AutomationFramework_testcases.TC_04_DELETERequest_EmployeeRecords"/>
  <testcase name="checkStatusCode" time="0.001" classname="com.RestAssured_AutomationFramework_testcases.TC_04_DELETERequest_EmployeeRecords"/>
  <testcase name="checkStatusLine" time="0.0" classname="com.RestAssured_AutomationFramework_testcases.TC_04_DELETERequest_EmployeeRecords"/>
  <testcase name="tearDown" time="0.0" classname="com.RestAssured_AutomationFramework_testcases.TC_04_DELETERequest_EmployeeRecords"/>
</testsuite> <!-- Default test -->
